This file contains any messages produced by compilers while
running configure, to aid debugging if configure makes a mistake.

It was created by configure, which was
generated by GNU Autoconf 2.59.  Invocation command line was

  $ ./configure 

## --------- ##
## Platform. ##
## --------- ##

hostname = domsdesktop.lan
uname -m = i686
uname -r = 2.6.21-1.3194.fc7
uname -s = Linux
uname -v = #1 SMP Wed May 23 22:35:01 EDT 2007

/usr/bin/uname -p = unknown
/bin/uname -X     = unknown

/bin/arch              = i686
/usr/bin/arch -k       = unknown
/usr/convex/getsysinfo = unknown
hostinfo               = unknown
/bin/machine           = unknown
/usr/bin/oslevel       = unknown
/bin/universe          = unknown

PATH: /usr/lib/qt-3.3/bin
PATH: /usr/kerberos/bin
PATH: /usr/lib/ccache
PATH: /usr/local/bin
PATH: /bin
PATH: /usr/bin
PATH: /home/dominicgs/bin


## ----------- ##
## Core tests. ##
## ----------- ##

configure:1549: checking build system type
configure:1567: result: i686-pc-linux-gnu
configure:1575: checking host system type
configure:1589: result: i686-pc-linux-gnu
configure:1597: checking target system type
configure:1611: result: i686-pc-linux-gnu
configure:1639: checking for a BSD-compatible install
configure:1694: result: /usr/bin/install -c
configure:1705: checking whether build environment is sane
configure:1748: result: yes
configure:1813: checking for gawk
configure:1829: found /bin/gawk
configure:1839: result: gawk
configure:1849: checking whether make sets $(MAKE)
configure:1869: result: yes
configure:2066: checking for style of include used by make
configure:2094: result: GNU
configure:2171: checking for g++
configure:2187: found /usr/lib/ccache/g++
configure:2197: result: g++
configure:2213: checking for C++ compiler version
configure:2216: g++ --version </dev/null >&5
g++ (GCC) 4.1.2 20070502 (Red Hat 4.1.2-12)
Copyright (C) 2006 Free Software Foundation, Inc.
This is free software; see the source for copying conditions.  There is NO
warranty; not even for MERCHANTABILITY or FITNESS FOR A PARTICULAR PURPOSE.

configure:2219: $? = 0
configure:2221: g++ -v </dev/null >&5
Using built-in specs.
Target: i386-redhat-linux
Configured with: ../configure --prefix=/usr --mandir=/usr/share/man --infodir=/usr/share/info --enable-shared --enable-threads=posix --enable-checking=release --with-system-zlib --enable-__cxa_atexit --disable-libunwind-exceptions --enable-languages=c,c++,objc,obj-c++,java,fortran,ada --enable-java-awt=gtk --disable-dssi --enable-plugin --with-java-home=/usr/lib/jvm/java-1.5.0-gcj-1.5.0.0/jre --enable-libgcj-multifile --enable-java-maintainer-mode --with-ecj-jar=/usr/share/java/eclipse-ecj.jar --with-cpu=generic --host=i386-redhat-linux
Thread model: posix
gcc version 4.1.2 20070502 (Red Hat 4.1.2-12)
configure:2224: $? = 0
configure:2226: g++ -V </dev/null >&5
g++: '-V' option must have argument
configure:2229: $? = 1
configure:2252: checking for C++ compiler default output file name
configure:2255: g++    conftest.cc  >&5
configure:2258: $? = 0
configure:2304: result: a.out
configure:2309: checking whether the C++ compiler works
configure:2315: ./a.out
configure:2318: $? = 0
configure:2335: result: yes
configure:2342: checking whether we are cross compiling
configure:2344: result: no
configure:2347: checking for suffix of executables
configure:2349: g++ -o conftest    conftest.cc  >&5
configure:2352: $? = 0
configure:2377: result: 
configure:2383: checking for suffix of object files
configure:2404: g++ -c   conftest.cc >&5
configure:2407: $? = 0
configure:2429: result: o
configure:2433: checking whether we are using the GNU C++ compiler
configure:2457: g++ -c   conftest.cc >&5
configure:2463: $? = 0
configure:2467: test -z 
			 || test ! -s conftest.err
configure:2470: $? = 0
configure:2473: test -s conftest.o
configure:2476: $? = 0
configure:2489: result: yes
configure:2495: checking whether g++ accepts -g
configure:2516: g++ -c -g  conftest.cc >&5
configure:2522: $? = 0
configure:2526: test -z 
			 || test ! -s conftest.err
configure:2529: $? = 0
configure:2532: test -s conftest.o
configure:2535: $? = 0
configure:2546: result: yes
configure:2588: g++ -c -g -O2  conftest.cc >&5
configure:2594: $? = 0
configure:2598: test -z 
			 || test ! -s conftest.err
configure:2601: $? = 0
configure:2604: test -s conftest.o
configure:2607: $? = 0
configure:2633: g++ -c -g -O2  conftest.cc >&5
conftest.cc: In function 'int main()':
conftest.cc:15: error: 'exit' was not declared in this scope
configure:2639: $? = 1
configure: failed program was:
| /* confdefs.h.  */
| 
| #define PACKAGE_NAME ""
| #define PACKAGE_TARNAME ""
| #define PACKAGE_VERSION ""
| #define PACKAGE_STRING ""
| #define PACKAGE_BUGREPORT ""
| #define PACKAGE "gr-bluetooth"
| #define VERSION "0.00"
| /* end confdefs.h.  */
| 
| int
| main ()
| {
| exit (42);
|   ;
|   return 0;
| }
configure:2588: g++ -c -g -O2  conftest.cc >&5
configure:2594: $? = 0
configure:2598: test -z 
			 || test ! -s conftest.err
configure:2601: $? = 0
configure:2604: test -s conftest.o
configure:2607: $? = 0
configure:2633: g++ -c -g -O2  conftest.cc >&5
configure:2639: $? = 0
configure:2643: test -z 
			 || test ! -s conftest.err
configure:2646: $? = 0
configure:2649: test -s conftest.o
configure:2652: $? = 0
configure:2677: checking dependency style of g++
configure:2767: result: gcc3
configure:2789: checking how to run the C++ preprocessor
configure:2820: g++ -E  conftest.cc
configure:2826: $? = 0
configure:2858: g++ -E  conftest.cc
conftest.cc:14:28: error: ac_nonexistent.h: No such file or directory
configure:2864: $? = 1
configure: failed program was:
| /* confdefs.h.  */
| 
| #define PACKAGE_NAME ""
| #define PACKAGE_TARNAME ""
| #define PACKAGE_VERSION ""
| #define PACKAGE_STRING ""
| #define PACKAGE_BUGREPORT ""
| #define PACKAGE "gr-bluetooth"
| #define VERSION "0.00"
| #ifdef __cplusplus
| extern "C" void std::exit (int) throw (); using std::exit;
| #endif
| /* end confdefs.h.  */
| #include <ac_nonexistent.h>
configure:2903: result: g++ -E
configure:2927: g++ -E  conftest.cc
configure:2933: $? = 0
configure:2965: g++ -E  conftest.cc
conftest.cc:14:28: error: ac_nonexistent.h: No such file or directory
configure:2971: $? = 1
configure: failed program was:
| /* confdefs.h.  */
| 
| #define PACKAGE_NAME ""
| #define PACKAGE_TARNAME ""
| #define PACKAGE_VERSION ""
| #define PACKAGE_STRING ""
| #define PACKAGE_BUGREPORT ""
| #define PACKAGE "gr-bluetooth"
| #define VERSION "0.00"
| #ifdef __cplusplus
| extern "C" void std::exit (int) throw (); using std::exit;
| #endif
| /* end confdefs.h.  */
| #include <ac_nonexistent.h>
configure:3028: checking whether C++ has bool
configure:3044: g++ -o conftest -g -O2   conftest.cc  >&5
configure:3047: $? = 0
configure:3049: ./conftest
configure:3052: $? = 0
configure:3054: result: yes
configure:3073: checking whether C++ has buggy scoping in for-loops
configure:3094: g++ -c -g -O2  conftest.cc >&5
In file included from /usr/lib/gcc/i386-redhat-linux/4.1.2/../../../../include/c++/4.1.2/backward/iostream.h:31,
                 from conftest.cc:14:
/usr/lib/gcc/i386-redhat-linux/4.1.2/../../../../include/c++/4.1.2/backward/backward_warning.h:32:2: warning: #warning This file includes at least one deprecated or antiquated header. Please consider using one of the 32 headers found in section 17.4.1.2 of the C++ standard. Examples include substituting the <X> header for the <X.h> header for C++ includes, or <iostream> instead of the deprecated header <iostream.h>. To disable this warning use -Wno-deprecated.
configure:3100: $? = 0
configure:3104: test -z 
			 || test ! -s conftest.err
configure:3107: $? = 0
configure:3110: test -s conftest.o
configure:3113: $? = 0
configure:3115: result: no
configure:3131: checking whether user wants assertions
configure:3144: result: yes
configure:3148: checking whether C++ has std::isnan
configure:3168: g++ -c -g -O2  conftest.cc >&5
configure:3174: $? = 0
configure:3178: test -z 
			 || test ! -s conftest.err
configure:3181: $? = 0
configure:3184: test -s conftest.o
configure:3187: $? = 0
configure:3189: result: yes
configure:3214: checking whether user wants warnings
configure:3225: result: yes
configure:3259: checking whether g++ accepts -Wall
configure:3264: result: yes
configure:3259: checking whether g++ accepts -Woverloaded-virtual
configure:3264: result: yes
configure:3277: checking whether user wants gprof
configure:3287: result: no
configure:3340: checking whether user wants prof
configure:3350: result: no
configure:3448: checking for gcc
configure:3464: found /usr/lib/ccache/gcc
configure:3474: result: gcc
configure:3718: checking for C compiler version
configure:3721: gcc --version </dev/null >&5
gcc (GCC) 4.1.2 20070502 (Red Hat 4.1.2-12)
Copyright (C) 2006 Free Software Foundation, Inc.
This is free software; see the source for copying conditions.  There is NO
warranty; not even for MERCHANTABILITY or FITNESS FOR A PARTICULAR PURPOSE.

configure:3724: $? = 0
configure:3726: gcc -v </dev/null >&5
Using built-in specs.
Target: i386-redhat-linux
Configured with: ../configure --prefix=/usr --mandir=/usr/share/man --infodir=/usr/share/info --enable-shared --enable-threads=posix --enable-checking=release --with-system-zlib --enable-__cxa_atexit --disable-libunwind-exceptions --enable-languages=c,c++,objc,obj-c++,java,fortran,ada --enable-java-awt=gtk --disable-dssi --enable-plugin --with-java-home=/usr/lib/jvm/java-1.5.0-gcj-1.5.0.0/jre --enable-libgcj-multifile --enable-java-maintainer-mode --with-ecj-jar=/usr/share/java/eclipse-ecj.jar --with-cpu=generic --host=i386-redhat-linux
Thread model: posix
gcc version 4.1.2 20070502 (Red Hat 4.1.2-12)
configure:3729: $? = 0
configure:3731: gcc -V </dev/null >&5
gcc: '-V' option must have argument
configure:3734: $? = 1
configure:3737: checking whether we are using the GNU C compiler
configure:3761: gcc -c   conftest.c >&5
configure:3767: $? = 0
configure:3771: test -z 
			 || test ! -s conftest.err
configure:3774: $? = 0
configure:3777: test -s conftest.o
configure:3780: $? = 0
configure:3793: result: yes
configure:3799: checking whether gcc accepts -g
configure:3820: gcc -c -g  conftest.c >&5
configure:3826: $? = 0
configure:3830: test -z 
			 || test ! -s conftest.err
configure:3833: $? = 0
configure:3836: test -s conftest.o
configure:3839: $? = 0
configure:3850: result: yes
configure:3867: checking for gcc option to accept ANSI C
configure:3937: gcc  -c -g -O2  conftest.c >&5
configure:3943: $? = 0
configure:3947: test -z 
			 || test ! -s conftest.err
configure:3950: $? = 0
configure:3953: test -s conftest.o
configure:3956: $? = 0
configure:3974: result: none needed
configure:3992: gcc -c -g -O2  conftest.c >&5
conftest.c:2: error: expected '=', ',', ';', 'asm' or '__attribute__' before 'me'
configure:3998: $? = 1
configure: failed program was:
| #ifndef __cplusplus
|   choke me
| #endif
configure:4133: checking dependency style of gcc
configure:4223: result: gcc3
configure:4247: checking whether ln -s works
configure:4251: result: yes
configure:4258: checking whether make sets $(MAKE)
configure:4278: result: yes
configure:4300: checking for a BSD-compatible install
configure:4355: result: /usr/bin/install -c
configure:4368: checking for rm
configure:4386: found /bin/rm
configure:4398: result: /bin/rm
configure:4479: checking for a sed that does not truncate output
configure:4535: result: /bin/sed
configure:4538: checking for egrep
configure:4548: result: grep -E
configure:4564: checking for ld used by gcc
configure:4631: result: /usr/bin/ld
configure:4640: checking if the linker (/usr/bin/ld) is GNU ld
configure:4655: result: yes
configure:4660: checking for /usr/bin/ld option to reload object files
configure:4667: result: -r
configure:4685: checking for BSD-compatible nm
configure:4734: result: /usr/bin/nm -B
configure:4738: checking how to recognise dependent libraries
configure:4914: result: pass_all
configure:5393: checking how to run the C preprocessor
configure:5428: gcc -E  conftest.c
configure:5434: $? = 0
configure:5466: gcc -E  conftest.c
conftest.c:15:28: error: ac_nonexistent.h: No such file or directory
configure:5472: $? = 1
configure: failed program was:
| /* confdefs.h.  */
| 
| #define PACKAGE_NAME ""
| #define PACKAGE_TARNAME ""
| #define PACKAGE_VERSION ""
| #define PACKAGE_STRING ""
| #define PACKAGE_BUGREPORT ""
| #define PACKAGE "gr-bluetooth"
| #define VERSION "0.00"
| #ifdef __cplusplus
| extern "C" void std::exit (int) throw (); using std::exit;
| #endif
| #define CXX_HAS_STD_ISNAN
| /* end confdefs.h.  */
| #include <ac_nonexistent.h>
configure:5511: result: gcc -E
configure:5535: gcc -E  conftest.c
configure:5541: $? = 0
configure:5573: gcc -E  conftest.c
conftest.c:15:28: error: ac_nonexistent.h: No such file or directory
configure:5579: $? = 1
configure: failed program was:
| /* confdefs.h.  */
| 
| #define PACKAGE_NAME ""
| #define PACKAGE_TARNAME ""
| #define PACKAGE_VERSION ""
| #define PACKAGE_STRING ""
| #define PACKAGE_BUGREPORT ""
| #define PACKAGE "gr-bluetooth"
| #define VERSION "0.00"
| #ifdef __cplusplus
| extern "C" void std::exit (int) throw (); using std::exit;
| #endif
| #define CXX_HAS_STD_ISNAN
| /* end confdefs.h.  */
| #include <ac_nonexistent.h>
configure:5623: checking for ANSI C header files
configure:5648: gcc -c -g -O2  conftest.c >&5
configure:5654: $? = 0
configure:5658: test -z 
			 || test ! -s conftest.err
configure:5661: $? = 0
configure:5664: test -s conftest.o
configure:5667: $? = 0
configure:5756: gcc -o conftest -g -O2   conftest.c  >&5
conftest.c: In function 'main':
conftest.c:32: warning: incompatible implicit declaration of built-in function 'exit'
configure:5759: $? = 0
configure:5761: ./conftest
configure:5764: $? = 0
configure:5779: result: yes
configure:5803: checking for sys/types.h
configure:5819: gcc -c -g -O2  conftest.c >&5
configure:5825: $? = 0
configure:5829: test -z 
			 || test ! -s conftest.err
configure:5832: $? = 0
configure:5835: test -s conftest.o
configure:5838: $? = 0
configure:5849: result: yes
configure:5803: checking for sys/stat.h
configure:5819: gcc -c -g -O2  conftest.c >&5
configure:5825: $? = 0
configure:5829: test -z 
			 || test ! -s conftest.err
configure:5832: $? = 0
configure:5835: test -s conftest.o
configure:5838: $? = 0
configure:5849: result: yes
configure:5803: checking for stdlib.h
configure:5819: gcc -c -g -O2  conftest.c >&5
configure:5825: $? = 0
configure:5829: test -z 
			 || test ! -s conftest.err
configure:5832: $? = 0
configure:5835: test -s conftest.o
configure:5838: $? = 0
configure:5849: result: yes
configure:5803: checking for string.h
configure:5819: gcc -c -g -O2  conftest.c >&5
configure:5825: $? = 0
configure:5829: test -z 
			 || test ! -s conftest.err
configure:5832: $? = 0
configure:5835: test -s conftest.o
configure:5838: $? = 0
configure:5849: result: yes
configure:5803: checking for memory.h
configure:5819: gcc -c -g -O2  conftest.c >&5
configure:5825: $? = 0
configure:5829: test -z 
			 || test ! -s conftest.err
configure:5832: $? = 0
configure:5835: test -s conftest.o
configure:5838: $? = 0
configure:5849: result: yes
configure:5803: checking for strings.h
configure:5819: gcc -c -g -O2  conftest.c >&5
configure:5825: $? = 0
configure:5829: test -z 
			 || test ! -s conftest.err
configure:5832: $? = 0
configure:5835: test -s conftest.o
configure:5838: $? = 0
configure:5849: result: yes
configure:5803: checking for inttypes.h
configure:5819: gcc -c -g -O2  conftest.c >&5
configure:5825: $? = 0
configure:5829: test -z 
			 || test ! -s conftest.err
configure:5832: $? = 0
configure:5835: test -s conftest.o
configure:5838: $? = 0
configure:5849: result: yes
configure:5803: checking for stdint.h
configure:5819: gcc -c -g -O2  conftest.c >&5
configure:5825: $? = 0
configure:5829: test -z 
			 || test ! -s conftest.err
configure:5832: $? = 0
configure:5835: test -s conftest.o
configure:5838: $? = 0
configure:5849: result: yes
configure:5803: checking for unistd.h
configure:5819: gcc -c -g -O2  conftest.c >&5
configure:5825: $? = 0
configure:5829: test -z 
			 || test ! -s conftest.err
configure:5832: $? = 0
configure:5835: test -s conftest.o
configure:5838: $? = 0
configure:5849: result: yes
configure:5875: checking dlfcn.h usability
configure:5887: gcc -c -g -O2  conftest.c >&5
configure:5893: $? = 0
configure:5897: test -z 
			 || test ! -s conftest.err
configure:5900: $? = 0
configure:5903: test -s conftest.o
configure:5906: $? = 0
configure:5916: result: yes
configure:5920: checking dlfcn.h presence
configure:5930: gcc -E  conftest.c
configure:5936: $? = 0
configure:5956: result: yes
configure:5991: checking for dlfcn.h
configure:5998: result: yes
configure:6021: checking how to run the C++ preprocessor
configure:6135: result: g++ -E
configure:6159: g++ -E  conftest.cc
configure:6165: $? = 0
configure:6197: g++ -E  conftest.cc
conftest.cc:26:28: error: ac_nonexistent.h: No such file or directory
configure:6203: $? = 1
configure: failed program was:
| /* confdefs.h.  */
| 
| #define PACKAGE_NAME ""
| #define PACKAGE_TARNAME ""
| #define PACKAGE_VERSION ""
| #define PACKAGE_STRING ""
| #define PACKAGE_BUGREPORT ""
| #define PACKAGE "gr-bluetooth"
| #define VERSION "0.00"
| #ifdef __cplusplus
| extern "C" void std::exit (int) throw (); using std::exit;
| #endif
| #define CXX_HAS_STD_ISNAN
| #define STDC_HEADERS 1
| #define HAVE_SYS_TYPES_H 1
| #define HAVE_SYS_STAT_H 1
| #define HAVE_STDLIB_H 1
| #define HAVE_STRING_H 1
| #define HAVE_MEMORY_H 1
| #define HAVE_STRINGS_H 1
| #define HAVE_INTTYPES_H 1
| #define HAVE_STDINT_H 1
| #define HAVE_UNISTD_H 1
| #define HAVE_DLFCN_H 1
| /* end confdefs.h.  */
| #include <ac_nonexistent.h>
configure:6299: checking for g77
configure:6328: result: no
configure:6299: checking for f77
configure:6328: result: no
configure:6299: checking for xlf
configure:6328: result: no
configure:6299: checking for frt
configure:6328: result: no
configure:6299: checking for pgf77
configure:6328: result: no
configure:6299: checking for fort77
configure:6328: result: no
configure:6299: checking for fl32
configure:6328: result: no
configure:6299: checking for af77
configure:6328: result: no
configure:6299: checking for f90
configure:6328: result: no
configure:6299: checking for xlf90
configure:6328: result: no
configure:6299: checking for pgf90
configure:6328: result: no
configure:6299: checking for epcf90
configure:6328: result: no
configure:6299: checking for f95
configure:6315: found /usr/bin/f95
configure:6325: result: f95
configure:6340: checking for Fortran 77 compiler version
configure:6343: f95 --version </dev/null >&5
GNU Fortran (GCC) 4.1.2 20070502 (Red Hat 4.1.2-12)
Copyright (C) 2007 Free Software Foundation, Inc.

GNU Fortran comes with NO WARRANTY, to the extent permitted by law.
You may redistribute copies of GNU Fortran
under the terms of the GNU General Public License.
For more information about these matters, see the file named COPYING

configure:6346: $? = 0
configure:6348: f95 -v </dev/null >&5
Using built-in specs.
Target: i386-redhat-linux
Configured with: ../configure --prefix=/usr --mandir=/usr/share/man --infodir=/usr/share/info --enable-shared --enable-threads=posix --enable-checking=release --with-system-zlib --enable-__cxa_atexit --disable-libunwind-exceptions --enable-languages=c,c++,objc,obj-c++,java,fortran,ada --enable-java-awt=gtk --disable-dssi --enable-plugin --with-java-home=/usr/lib/jvm/java-1.5.0-gcj-1.5.0.0/jre --enable-libgcj-multifile --enable-java-maintainer-mode --with-ecj-jar=/usr/share/java/eclipse-ecj.jar --with-cpu=generic --host=i386-redhat-linux
Thread model: posix
gcc version 4.1.2 20070502 (Red Hat 4.1.2-12)
configure:6351: $? = 0
configure:6353: f95 -V </dev/null >&5
f95: '-V' option must have argument
configure:6356: $? = 1
configure:6364: checking whether we are using the GNU Fortran 77 compiler
configure:6378: f95 -c  conftest.F >&5
configure:6384: $? = 0
configure:6388: test -z 
			 || test ! -s conftest.err
configure:6391: $? = 0
configure:6394: test -s conftest.o
configure:6397: $? = 0
configure:6410: result: yes
configure:6416: checking whether f95 accepts -g
configure:6428: f95 -c -g conftest.f >&5
configure:6434: $? = 0
configure:6438: test -z 
			 || test ! -s conftest.err
configure:6441: $? = 0
configure:6444: test -s conftest.o
configure:6447: $? = 0
configure:6459: result: yes
configure:6489: checking the maximum length of command line arguments
configure:6598: result: 32768
configure:6609: checking command to parse /usr/bin/nm -B output from gcc object
configure:6714: gcc -c -g -O2  conftest.c >&5
configure:6717: $? = 0
configure:6721: /usr/bin/nm -B conftest.o \| sed -n -e 's/^.*[ 	]\([ABCDGIRSTW][ABCDGIRSTW]*\)[ 	][ 	]*\([_A-Za-z][_A-Za-z0-9]*\)$/\1 \2 \2/p' \> conftest.nm
configure:6724: $? = 0
configure:6776: gcc -o conftest -g -O2   conftest.c conftstm.o >&5
configure:6779: $? = 0
configure:6817: result: ok
configure:6821: checking for objdir
configure:6836: result: .libs
configure:6926: checking for ar
configure:6942: found /usr/bin/ar
configure:6953: result: ar
configure:7006: checking for ranlib
configure:7022: found /usr/bin/ranlib
configure:7033: result: ranlib
configure:7086: checking for strip
configure:7102: found /usr/bin/strip
configure:7113: result: strip
configure:7385: checking if gcc supports -fno-rtti -fno-exceptions
configure:7403: gcc -c -g -O2  -fno-rtti -fno-exceptions conftest.c >&5
cc1: warning: command line option "-fno-rtti" is valid for C++/ObjC++ but not for C
cc1: warning: command line option "-fno-rtti" is valid for C++/ObjC++ but not for C
configure:7407: $? = 0
configure:7420: result: no
configure:7435: checking for gcc option to produce PIC
configure:7645: result: -fPIC
configure:7653: checking if gcc PIC flag -fPIC works
configure:7671: gcc -c -g -O2  -fPIC -DPIC conftest.c >&5
configure:7675: $? = 0
configure:7688: result: yes
configure:7716: checking if gcc static flag -static works
configure:7744: result: yes
configure:7754: checking if gcc supports -c -o file.o
configure:7775: gcc -c -g -O2  -o out/conftest2.o conftest.c >&5
configure:7779: $? = 0
configure:7801: result: yes
configure:7827: checking whether the gcc linker (/usr/bin/ld) supports shared libraries
configure:8785: result: yes
configure:8806: checking whether -lc should be explicitly linked in
configure:8811: gcc -c -g -O2  conftest.c >&5
configure:8814: $? = 0
configure:8829: gcc -shared conftest.o  -v -Wl,-soname -Wl,conftest -o conftest 2\>\&1 \| grep  -lc  \>/dev/null 2\>\&1
configure:8832: $? = 0
configure:8844: result: no
configure:8852: checking dynamic linker characteristics
configure:9461: result: GNU/Linux ld.so
configure:9470: checking how to hardcode library paths into programs
configure:9495: result: immediate
configure:9509: checking whether stripping libraries is possible
configure:9514: result: yes
configure:10348: checking if libtool supports shared libraries
configure:10350: result: yes
configure:10353: checking whether to build shared libraries
configure:10374: result: yes
configure:10377: checking whether to build static libraries
configure:10381: result: no
configure:10473: creating libtool
configure:11064: checking for ld used by g++
configure:11131: result: /usr/bin/ld
configure:11140: checking if the linker (/usr/bin/ld) is GNU ld
configure:11155: result: yes
configure:11206: checking whether the g++ linker (/usr/bin/ld) supports shared libraries
configure:12144: result: yes
configure:12162: g++ -c -g -O2 -Wall -Woverloaded-virtual  conftest.cpp >&5
configure:12165: $? = 0
configure:12284: checking for g++ option to produce PIC
configure:12558: result: -fPIC
configure:12566: checking if g++ PIC flag -fPIC works
configure:12584: g++ -c -g -O2 -Wall -Woverloaded-virtual  -fPIC -DPIC conftest.cpp >&5
configure:12588: $? = 0
configure:12601: result: yes
configure:12629: checking if g++ static flag -static works
configure:12657: result: yes
configure:12667: checking if g++ supports -c -o file.o
configure:12688: g++ -c -g -O2 -Wall -Woverloaded-virtual  -o out/conftest2.o conftest.cpp >&5
configure:12692: $? = 0
configure:12714: result: yes
configure:12740: checking whether the g++ linker (/usr/bin/ld) supports shared libraries
configure:12765: result: yes
configure:12832: checking dynamic linker characteristics
configure:13441: result: GNU/Linux ld.so
configure:13450: checking how to hardcode library paths into programs
configure:13475: result: immediate
configure:14004: checking if libtool supports shared libraries
configure:14006: result: yes
configure:14009: checking whether to build shared libraries
configure:14029: result: yes
configure:14032: checking whether to build static libraries
configure:14036: result: no
configure:14046: checking for f95 option to produce PIC
configure:14256: result: -fPIC
configure:14264: checking if f95 PIC flag -fPIC works
configure:14282: f95 -c -g -O2 -fPIC conftest.f >&5
configure:14286: $? = 0
configure:14299: result: yes
configure:14327: checking if f95 static flag -static works
configure:14355: result: yes
configure:14365: checking if f95 supports -c -o file.o
configure:14386: f95 -c -g -O2 -o out/conftest2.o conftest.f >&5
configure:14390: $? = 0
configure:14412: result: yes
configure:14438: checking whether the f95 linker (/usr/bin/ld) supports shared libraries
configure:15376: result: yes
configure:15443: checking dynamic linker characteristics
configure:16052: result: GNU/Linux ld.so
configure:16061: checking how to hardcode library paths into programs
configure:16086: result: immediate
configure:19703: checking for python
configure:19721: found /usr/bin/python
configure:19733: result: /usr/bin/python
configure:19755: checking for python version
configure:19762: result: 2.5
configure:19774: checking for python platform
configure:19781: result: linux2
configure:19788: checking for python script directory
configure:19796: result: ${prefix}/lib/python2.5/site-packages
configure:19805: checking for python extension module directory
configure:19813: result: ${exec_prefix}/lib/python2.5/site-packages
configure:19838: checking for Python include path
configure:19856: result: /usr/include/python2.5
configure:19884: checking Python.h usability
configure:19896: gcc -c -g -O2  -I/usr/include/python2.5 conftest.c >&5
configure:19902: $? = 0
configure:19906: test -z 
			 || test ! -s conftest.err
configure:19909: $? = 0
configure:19912: test -s conftest.o
configure:19915: $? = 0
configure:19925: result: yes
configure:19929: checking Python.h presence
configure:19939: gcc -E  -I/usr/include/python2.5 conftest.c
configure:19945: $? = 0
configure:19965: result: yes
configure:20000: checking for Python.h
configure:20007: result: yes
configure:20081: checking for swig
configure:20097: found /usr/bin/swig
configure:20107: result: /usr/bin/swig
configure:20120: checking for SWIG version
configure:20124: result: 1.3.31
configure:20315: checking for the pthreads library -lpthreads
configure:20353: gcc -o conftest -g -O2    conftest.c -lpthreads  >&5
/usr/bin/ld: cannot find -lpthreads
collect2: ld returned 1 exit status
configure:20359: $? = 1
configure: failed program was:
| /* confdefs.h.  */
| 
| #define PACKAGE_NAME ""
| #define PACKAGE_TARNAME ""
| #define PACKAGE_VERSION ""
| #define PACKAGE_STRING ""
| #define PACKAGE_BUGREPORT ""
| #define PACKAGE "gr-bluetooth"
| #define VERSION "0.00"
| #ifdef __cplusplus
| extern "C" void std::exit (int) throw (); using std::exit;
| #endif
| #define CXX_HAS_STD_ISNAN
| #define STDC_HEADERS 1
| #define HAVE_SYS_TYPES_H 1
| #define HAVE_SYS_STAT_H 1
| #define HAVE_STDLIB_H 1
| #define HAVE_STRING_H 1
| #define HAVE_MEMORY_H 1
| #define HAVE_STRINGS_H 1
| #define HAVE_INTTYPES_H 1
| #define HAVE_STDINT_H 1
| #define HAVE_UNISTD_H 1
| #define HAVE_DLFCN_H 1
| #define HAVE_PYTHON_H 1
| /* end confdefs.h.  */
| #include <pthread.h>
| int
| main ()
| {
| pthread_t th; pthread_join(th, 0);
|                      pthread_attr_init(0); pthread_cleanup_push(0, 0);
|                      pthread_create(0,0,0,0); pthread_cleanup_pop(0);
|   ;
|   return 0;
| }
configure:20386: result: no
configure:20304: checking whether pthreads work without any flags
configure:20353: gcc -o conftest -g -O2    conftest.c   >&5
/tmp/cc60q6Dk.o: In function `main':
/home/dominicgs/src/gnuradio/gr-bluetooth/conftest.c:31: undefined reference to `pthread_join'
/home/dominicgs/src/gnuradio/gr-bluetooth/conftest.c:32: undefined reference to `__pthread_register_cancel'
/home/dominicgs/src/gnuradio/gr-bluetooth/conftest.c:33: undefined reference to `pthread_create'
/home/dominicgs/src/gnuradio/gr-bluetooth/conftest.c:33: undefined reference to `__pthread_unregister_cancel'
collect2: ld returned 1 exit status
configure:20359: $? = 1
configure: failed program was:
| /* confdefs.h.  */
| 
| #define PACKAGE_NAME ""
| #define PACKAGE_TARNAME ""
| #define PACKAGE_VERSION ""
| #define PACKAGE_STRING ""
| #define PACKAGE_BUGREPORT ""
| #define PACKAGE "gr-bluetooth"
| #define VERSION "0.00"
| #ifdef __cplusplus
| extern "C" void std::exit (int) throw (); using std::exit;
| #endif
| #define CXX_HAS_STD_ISNAN
| #define STDC_HEADERS 1
| #define HAVE_SYS_TYPES_H 1
| #define HAVE_SYS_STAT_H 1
| #define HAVE_STDLIB_H 1
| #define HAVE_STRING_H 1
| #define HAVE_MEMORY_H 1
| #define HAVE_STRINGS_H 1
| #define HAVE_INTTYPES_H 1
| #define HAVE_STDINT_H 1
| #define HAVE_UNISTD_H 1
| #define HAVE_DLFCN_H 1
| #define HAVE_PYTHON_H 1
| /* end confdefs.h.  */
| #include <pthread.h>
| int
| main ()
| {
| pthread_t th; pthread_join(th, 0);
|                      pthread_attr_init(0); pthread_cleanup_push(0, 0);
|                      pthread_create(0,0,0,0); pthread_cleanup_pop(0);
|   ;
|   return 0;
| }
configure:20386: result: no
configure:20309: checking whether pthreads work with -Kthread
configure:20353: gcc -o conftest -g -O2 -Kthread   conftest.c   >&5
gcc: unrecognized option '-Kthread'
/tmp/ccMb5BMz.o: In function `main':
/home/dominicgs/src/gnuradio/gr-bluetooth/conftest.c:31: undefined reference to `pthread_join'
/home/dominicgs/src/gnuradio/gr-bluetooth/conftest.c:32: undefined reference to `__pthread_register_cancel'
/home/dominicgs/src/gnuradio/gr-bluetooth/conftest.c:33: undefined reference to `pthread_create'
/home/dominicgs/src/gnuradio/gr-bluetooth/conftest.c:33: undefined reference to `__pthread_unregister_cancel'
collect2: ld returned 1 exit status
configure:20359: $? = 1
configure: failed program was:
| /* confdefs.h.  */
| 
| #define PACKAGE_NAME ""
| #define PACKAGE_TARNAME ""
| #define PACKAGE_VERSION ""
| #define PACKAGE_STRING ""
| #define PACKAGE_BUGREPORT ""
| #define PACKAGE "gr-bluetooth"
| #define VERSION "0.00"
| #ifdef __cplusplus
| extern "C" void std::exit (int) throw (); using std::exit;
| #endif
| #define CXX_HAS_STD_ISNAN
| #define STDC_HEADERS 1
| #define HAVE_SYS_TYPES_H 1
| #define HAVE_SYS_STAT_H 1
| #define HAVE_STDLIB_H 1
| #define HAVE_STRING_H 1
| #define HAVE_MEMORY_H 1
| #define HAVE_STRINGS_H 1
| #define HAVE_INTTYPES_H 1
| #define HAVE_STDINT_H 1
| #define HAVE_UNISTD_H 1
| #define HAVE_DLFCN_H 1
| #define HAVE_PYTHON_H 1
| /* end confdefs.h.  */
| #include <pthread.h>
| int
| main ()
| {
| pthread_t th; pthread_join(th, 0);
|                      pthread_attr_init(0); pthread_cleanup_push(0, 0);
|                      pthread_create(0,0,0,0); pthread_cleanup_pop(0);
|   ;
|   return 0;
| }
configure:20386: result: no
configure:20309: checking whether pthreads work with -kthread
configure:20353: gcc -o conftest -g -O2 -kthread   conftest.c   >&5
gcc: unrecognized option '-kthread'
/tmp/cckIibBT.o: In function `main':
/home/dominicgs/src/gnuradio/gr-bluetooth/conftest.c:31: undefined reference to `pthread_join'
/home/dominicgs/src/gnuradio/gr-bluetooth/conftest.c:32: undefined reference to `__pthread_register_cancel'
/home/dominicgs/src/gnuradio/gr-bluetooth/conftest.c:33: undefined reference to `pthread_create'
/home/dominicgs/src/gnuradio/gr-bluetooth/conftest.c:33: undefined reference to `__pthread_unregister_cancel'
collect2: ld returned 1 exit status
configure:20359: $? = 1
configure: failed program was:
| /* confdefs.h.  */
| 
| #define PACKAGE_NAME ""
| #define PACKAGE_TARNAME ""
| #define PACKAGE_VERSION ""
| #define PACKAGE_STRING ""
| #define PACKAGE_BUGREPORT ""
| #define PACKAGE "gr-bluetooth"
| #define VERSION "0.00"
| #ifdef __cplusplus
| extern "C" void std::exit (int) throw (); using std::exit;
| #endif
| #define CXX_HAS_STD_ISNAN
| #define STDC_HEADERS 1
| #define HAVE_SYS_TYPES_H 1
| #define HAVE_SYS_STAT_H 1
| #define HAVE_STDLIB_H 1
| #define HAVE_STRING_H 1
| #define HAVE_MEMORY_H 1
| #define HAVE_STRINGS_H 1
| #define HAVE_INTTYPES_H 1
| #define HAVE_STDINT_H 1
| #define HAVE_UNISTD_H 1
| #define HAVE_DLFCN_H 1
| #define HAVE_PYTHON_H 1
| /* end confdefs.h.  */
| #include <pthread.h>
| int
| main ()
| {
| pthread_t th; pthread_join(th, 0);
|                      pthread_attr_init(0); pthread_cleanup_push(0, 0);
|                      pthread_create(0,0,0,0); pthread_cleanup_pop(0);
|   ;
|   return 0;
| }
configure:20386: result: no
configure:20315: checking for the pthreads library -llthread
configure:20353: gcc -o conftest -g -O2    conftest.c -llthread  >&5
/usr/bin/ld: cannot find -llthread
collect2: ld returned 1 exit status
configure:20359: $? = 1
configure: failed program was:
| /* confdefs.h.  */
| 
| #define PACKAGE_NAME ""
| #define PACKAGE_TARNAME ""
| #define PACKAGE_VERSION ""
| #define PACKAGE_STRING ""
| #define PACKAGE_BUGREPORT ""
| #define PACKAGE "gr-bluetooth"
| #define VERSION "0.00"
| #ifdef __cplusplus
| extern "C" void std::exit (int) throw (); using std::exit;
| #endif
| #define CXX_HAS_STD_ISNAN
| #define STDC_HEADERS 1
| #define HAVE_SYS_TYPES_H 1
| #define HAVE_SYS_STAT_H 1
| #define HAVE_STDLIB_H 1
| #define HAVE_STRING_H 1
| #define HAVE_MEMORY_H 1
| #define HAVE_STRINGS_H 1
| #define HAVE_INTTYPES_H 1
| #define HAVE_STDINT_H 1
| #define HAVE_UNISTD_H 1
| #define HAVE_DLFCN_H 1
| #define HAVE_PYTHON_H 1
| /* end confdefs.h.  */
| #include <pthread.h>
| int
| main ()
| {
| pthread_t th; pthread_join(th, 0);
|                      pthread_attr_init(0); pthread_cleanup_push(0, 0);
|                      pthread_create(0,0,0,0); pthread_cleanup_pop(0);
|   ;
|   return 0;
| }
configure:20386: result: no
configure:20309: checking whether pthreads work with -pthread
configure:20353: gcc -o conftest -g -O2 -pthread   conftest.c   >&5
configure:20359: $? = 0
configure:20363: test -z 
			 || test ! -s conftest.err
configure:20366: $? = 0
configure:20369: test -s conftest
configure:20372: $? = 0
configure:20386: result: yes
configure:20406: checking for joinable pthread attribute
configure:20424: gcc -o conftest -g -O2 -pthread   conftest.c   >&5
configure:20430: $? = 0
configure:20434: test -z 
			 || test ! -s conftest.err
configure:20437: $? = 0
configure:20440: test -s conftest
configure:20443: $? = 0
configure:20509: result: PTHREAD_CREATE_JOINABLE
configure:20516: checking if more special flags are required for pthreads
configure:20523: result: no
configure:20535: checking for cc_r
configure:20562: result: gcc
configure:20677: checking for library containing clock_gettime
configure:20707: gcc -o conftest -g -O2   conftest.c  >&5
/tmp/ccc6ANhS.o: In function `main':
/home/dominicgs/src/gnuradio/gr-bluetooth/conftest.c:39: undefined reference to `clock_gettime'
collect2: ld returned 1 exit status
configure:20713: $? = 1
configure: failed program was:
| /* confdefs.h.  */
| 
| #define PACKAGE_NAME ""
| #define PACKAGE_TARNAME ""
| #define PACKAGE_VERSION ""
| #define PACKAGE_STRING ""
| #define PACKAGE_BUGREPORT ""
| #define PACKAGE "gr-bluetooth"
| #define VERSION "0.00"
| #ifdef __cplusplus
| extern "C" void std::exit (int) throw (); using std::exit;
| #endif
| #define CXX_HAS_STD_ISNAN
| #define STDC_HEADERS 1
| #define HAVE_SYS_TYPES_H 1
| #define HAVE_SYS_STAT_H 1
| #define HAVE_STDLIB_H 1
| #define HAVE_STRING_H 1
| #define HAVE_MEMORY_H 1
| #define HAVE_STRINGS_H 1
| #define HAVE_INTTYPES_H 1
| #define HAVE_STDINT_H 1
| #define HAVE_UNISTD_H 1
| #define HAVE_DLFCN_H 1
| #define HAVE_PYTHON_H 1
| #define OMNITHREAD_POSIX 1
| /* end confdefs.h.  */
| 
| /* Override any gcc2 internal prototype to avoid an error.  */
| #ifdef __cplusplus
| extern "C"
| #endif
| /* We use char because int might match the return type of a gcc2
|    builtin and then its argument prototype would still apply.  */
| char clock_gettime ();
| int
| main ()
| {
| clock_gettime ();
|   ;
|   return 0;
| }
configure:20762: gcc -o conftest -g -O2   conftest.c -lrt   >&5
configure:20768: $? = 0
configure:20772: test -z 
			 || test ! -s conftest.err
configure:20775: $? = 0
configure:20778: test -s conftest
configure:20781: $? = 0
configure:20796: result: -lrt
configure:20809: checking for clock_gettime
configure:20866: gcc -o conftest -g -O2   conftest.c -lrt  >&5
configure:20872: $? = 0
configure:20876: test -z 
			 || test ! -s conftest.err
configure:20879: $? = 0
configure:20882: test -s conftest
configure:20885: $? = 0
configure:20897: result: yes
configure:20809: checking for gettimeofday
configure:20866: gcc -o conftest -g -O2   conftest.c -lrt  >&5
configure:20872: $? = 0
configure:20876: test -z 
			 || test ! -s conftest.err
configure:20879: $? = 0
configure:20882: test -s conftest
configure:20885: $? = 0
configure:20897: result: yes
configure:20809: checking for nanosleep
configure:20866: gcc -o conftest -g -O2   conftest.c -lrt  >&5
configure:20872: $? = 0
configure:20876: test -z 
			 || test ! -s conftest.err
configure:20879: $? = 0
configure:20882: test -s conftest
configure:20885: $? = 0
configure:20897: result: yes
configure:20919: checking for ANSI C header files
configure:21075: result: yes
configure:21085: checking for sys/wait.h that is POSIX.1 compatible
configure:21116: gcc -c -g -O2 -pthread  conftest.c >&5
configure:21122: $? = 0
configure:21126: test -z 
			 || test ! -s conftest.err
configure:21129: $? = 0
configure:21132: test -s conftest.o
configure:21135: $? = 0
configure:21146: result: yes
configure:21175: checking fcntl.h usability
configure:21187: gcc -c -g -O2 -pthread  conftest.c >&5
configure:21193: $? = 0
configure:21197: test -z 
			 || test ! -s conftest.err
configure:21200: $? = 0
configure:21203: test -s conftest.o
configure:21206: $? = 0
configure:21216: result: yes
configure:21220: checking fcntl.h presence
configure:21230: gcc -E  conftest.c
configure:21236: $? = 0
configure:21256: result: yes
configure:21291: checking for fcntl.h
configure:21298: result: yes
configure:21175: checking limits.h usability
configure:21187: gcc -c -g -O2 -pthread  conftest.c >&5
configure:21193: $? = 0
configure:21197: test -z 
			 || test ! -s conftest.err
configure:21200: $? = 0
configure:21203: test -s conftest.o
configure:21206: $? = 0
configure:21216: result: yes
configure:21220: checking limits.h presence
configure:21230: gcc -E  conftest.c
configure:21236: $? = 0
configure:21256: result: yes
configure:21291: checking for limits.h
configure:21298: result: yes
configure:21166: checking for strings.h
configure:21171: result: yes
configure:21175: checking sys/ioctl.h usability
configure:21187: gcc -c -g -O2 -pthread  conftest.c >&5
configure:21193: $? = 0
configure:21197: test -z 
			 || test ! -s conftest.err
configure:21200: $? = 0
configure:21203: test -s conftest.o
configure:21206: $? = 0
configure:21216: result: yes
configure:21220: checking sys/ioctl.h presence
configure:21230: gcc -E  conftest.c
configure:21236: $? = 0
configure:21256: result: yes
configure:21291: checking for sys/ioctl.h
configure:21298: result: yes
configure:21175: checking sys/time.h usability
configure:21187: gcc -c -g -O2 -pthread  conftest.c >&5
configure:21193: $? = 0
configure:21197: test -z 
			 || test ! -s conftest.err
configure:21200: $? = 0
configure:21203: test -s conftest.o
configure:21206: $? = 0
configure:21216: result: yes
configure:21220: checking sys/time.h presence
configure:21230: gcc -E  conftest.c
configure:21236: $? = 0
configure:21256: result: yes
configure:21291: checking for sys/time.h
configure:21298: result: yes
configure:21166: checking for unistd.h
configure:21171: result: yes
configure:21325: checking sys/mman.h usability
configure:21337: gcc -c -g -O2 -pthread  conftest.c >&5
configure:21343: $? = 0
configure:21347: test -z 
			 || test ! -s conftest.err
configure:21350: $? = 0
configure:21353: test -s conftest.o
configure:21356: $? = 0
configure:21366: result: yes
configure:21370: checking sys/mman.h presence
configure:21380: gcc -E  conftest.c
configure:21386: $? = 0
configure:21406: result: yes
configure:21441: checking for sys/mman.h
configure:21448: result: yes
configure:21462: checking for an ANSI C-conforming const
configure:21529: gcc -c -g -O2 -pthread  conftest.c >&5
configure:21535: $? = 0
configure:21539: test -z 
			 || test ! -s conftest.err
configure:21542: $? = 0
configure:21545: test -s conftest.o
configure:21548: $? = 0
configure:21559: result: yes
configure:21569: checking for inline
configure:21590: gcc -c -g -O2 -pthread  conftest.c >&5
configure:21596: $? = 0
configure:21600: test -z 
			 || test ! -s conftest.err
configure:21603: $? = 0
configure:21606: test -s conftest.o
configure:21609: $? = 0
configure:21621: result: inline
configure:21640: checking for size_t
configure:21664: gcc -c -g -O2 -pthread  conftest.c >&5
configure:21670: $? = 0
configure:21674: test -z 
			 || test ! -s conftest.err
configure:21677: $? = 0
configure:21680: test -s conftest.o
configure:21683: $? = 0
configure:21694: result: yes
configure:21706: checking whether time.h and sys/time.h may both be included
configure:21731: gcc -c -g -O2 -pthread  conftest.c >&5
configure:21737: $? = 0
configure:21741: test -z 
			 || test ! -s conftest.err
configure:21744: $? = 0
configure:21747: test -s conftest.o
configure:21750: $? = 0
configure:21761: result: yes
configure:21883: checking for sys/types.h
configure:21888: result: yes
configure:21883: checking for fcntl.h
configure:21888: result: yes
configure:21892: checking io.h usability
configure:21904: gcc -c -g -O2 -pthread  conftest.c >&5
conftest.c:77:16: error: io.h: No such file or directory
configure:21910: $? = 1
configure: failed program was:
| /* confdefs.h.  */
| 
| #define PACKAGE_NAME ""
| #define PACKAGE_TARNAME ""
| #define PACKAGE_VERSION ""
| #define PACKAGE_STRING ""
| #define PACKAGE_BUGREPORT ""
| #define PACKAGE "gr-bluetooth"
| #define VERSION "0.00"
| #ifdef __cplusplus
| extern "C" void std::exit (int) throw (); using std::exit;
| #endif
| #define CXX_HAS_STD_ISNAN
| #define STDC_HEADERS 1
| #define HAVE_SYS_TYPES_H 1
| #define HAVE_SYS_STAT_H 1
| #define HAVE_STDLIB_H 1
| #define HAVE_STRING_H 1
| #define HAVE_MEMORY_H 1
| #define HAVE_STRINGS_H 1
| #define HAVE_INTTYPES_H 1
| #define HAVE_STDINT_H 1
| #define HAVE_UNISTD_H 1
| #define HAVE_DLFCN_H 1
| #define HAVE_PYTHON_H 1
| #define OMNITHREAD_POSIX 1
| #define HAVE_CLOCK_GETTIME 1
| #define HAVE_GETTIMEOFDAY 1
| #define HAVE_NANOSLEEP 1
| #define STDC_HEADERS 1
| #define HAVE_SYS_WAIT_H 1
| #define HAVE_FCNTL_H 1
| #define HAVE_LIMITS_H 1
| #define HAVE_STRINGS_H 1
| #define HAVE_SYS_IOCTL_H 1
| #define HAVE_SYS_TIME_H 1
| #define HAVE_UNISTD_H 1
| #define HAVE_SYS_MMAN_H 1
| #define TIME_WITH_SYS_TIME 1
| #define HAVE_SYS_TYPES_H 1
| #define HAVE_FCNTL_H 1
| /* end confdefs.h.  */
| #include <stdio.h>
| #if HAVE_SYS_TYPES_H
| # include <sys/types.h>
| #endif
| #if HAVE_SYS_STAT_H
| # include <sys/stat.h>
| #endif
| #if STDC_HEADERS
| # include <stdlib.h>
| # include <stddef.h>
| #else
| # if HAVE_STDLIB_H
| #  include <stdlib.h>
| # endif
| #endif
| #if HAVE_STRING_H
| # if !STDC_HEADERS && HAVE_MEMORY_H
| #  include <memory.h>
| # endif
| # include <string.h>
| #endif
| #if HAVE_STRINGS_H
| # include <strings.h>
| #endif
| #if HAVE_INTTYPES_H
| # include <inttypes.h>
| #else
| # if HAVE_STDINT_H
| #  include <stdint.h>
| # endif
| #endif
| #if HAVE_UNISTD_H
| # include <unistd.h>
| #endif
| #include <io.h>
configure:21933: result: no
configure:21937: checking io.h presence
configure:21947: gcc -E  conftest.c
conftest.c:43:16: error: io.h: No such file or directory
configure:21953: $? = 1
configure: failed program was:
| /* confdefs.h.  */
| 
| #define PACKAGE_NAME ""
| #define PACKAGE_TARNAME ""
| #define PACKAGE_VERSION ""
| #define PACKAGE_STRING ""
| #define PACKAGE_BUGREPORT ""
| #define PACKAGE "gr-bluetooth"
| #define VERSION "0.00"
| #ifdef __cplusplus
| extern "C" void std::exit (int) throw (); using std::exit;
| #endif
| #define CXX_HAS_STD_ISNAN
| #define STDC_HEADERS 1
| #define HAVE_SYS_TYPES_H 1
| #define HAVE_SYS_STAT_H 1
| #define HAVE_STDLIB_H 1
| #define HAVE_STRING_H 1
| #define HAVE_MEMORY_H 1
| #define HAVE_STRINGS_H 1
| #define HAVE_INTTYPES_H 1
| #define HAVE_STDINT_H 1
| #define HAVE_UNISTD_H 1
| #define HAVE_DLFCN_H 1
| #define HAVE_PYTHON_H 1
| #define OMNITHREAD_POSIX 1
| #define HAVE_CLOCK_GETTIME 1
| #define HAVE_GETTIMEOFDAY 1
| #define HAVE_NANOSLEEP 1
| #define STDC_HEADERS 1
| #define HAVE_SYS_WAIT_H 1
| #define HAVE_FCNTL_H 1
| #define HAVE_LIMITS_H 1
| #define HAVE_STRINGS_H 1
| #define HAVE_SYS_IOCTL_H 1
| #define HAVE_SYS_TIME_H 1
| #define HAVE_UNISTD_H 1
| #define HAVE_SYS_MMAN_H 1
| #define TIME_WITH_SYS_TIME 1
| #define HAVE_SYS_TYPES_H 1
| #define HAVE_FCNTL_H 1
| /* end confdefs.h.  */
| #include <io.h>
configure:21973: result: no
configure:22008: checking for io.h
configure:22015: result: no
configure:22042: checking windows.h usability
configure:22054: gcc -c -g -O2 -pthread  conftest.c >&5
conftest.c:77:21: error: windows.h: No such file or directory
configure:22060: $? = 1
configure: failed program was:
| /* confdefs.h.  */
| 
| #define PACKAGE_NAME ""
| #define PACKAGE_TARNAME ""
| #define PACKAGE_VERSION ""
| #define PACKAGE_STRING ""
| #define PACKAGE_BUGREPORT ""
| #define PACKAGE "gr-bluetooth"
| #define VERSION "0.00"
| #ifdef __cplusplus
| extern "C" void std::exit (int) throw (); using std::exit;
| #endif
| #define CXX_HAS_STD_ISNAN
| #define STDC_HEADERS 1
| #define HAVE_SYS_TYPES_H 1
| #define HAVE_SYS_STAT_H 1
| #define HAVE_STDLIB_H 1
| #define HAVE_STRING_H 1
| #define HAVE_MEMORY_H 1
| #define HAVE_STRINGS_H 1
| #define HAVE_INTTYPES_H 1
| #define HAVE_STDINT_H 1
| #define HAVE_UNISTD_H 1
| #define HAVE_DLFCN_H 1
| #define HAVE_PYTHON_H 1
| #define OMNITHREAD_POSIX 1
| #define HAVE_CLOCK_GETTIME 1
| #define HAVE_GETTIMEOFDAY 1
| #define HAVE_NANOSLEEP 1
| #define STDC_HEADERS 1
| #define HAVE_SYS_WAIT_H 1
| #define HAVE_FCNTL_H 1
| #define HAVE_LIMITS_H 1
| #define HAVE_STRINGS_H 1
| #define HAVE_SYS_IOCTL_H 1
| #define HAVE_SYS_TIME_H 1
| #define HAVE_UNISTD_H 1
| #define HAVE_SYS_MMAN_H 1
| #define TIME_WITH_SYS_TIME 1
| #define HAVE_SYS_TYPES_H 1
| #define HAVE_FCNTL_H 1
| /* end confdefs.h.  */
| #include <stdio.h>
| #if HAVE_SYS_TYPES_H
| # include <sys/types.h>
| #endif
| #if HAVE_SYS_STAT_H
| # include <sys/stat.h>
| #endif
| #if STDC_HEADERS
| # include <stdlib.h>
| # include <stddef.h>
| #else
| # if HAVE_STDLIB_H
| #  include <stdlib.h>
| # endif
| #endif
| #if HAVE_STRING_H
| # if !STDC_HEADERS && HAVE_MEMORY_H
| #  include <memory.h>
| # endif
| # include <string.h>
| #endif
| #if HAVE_STRINGS_H
| # include <strings.h>
| #endif
| #if HAVE_INTTYPES_H
| # include <inttypes.h>
| #else
| # if HAVE_STDINT_H
| #  include <stdint.h>
| # endif
| #endif
| #if HAVE_UNISTD_H
| # include <unistd.h>
| #endif
| #include <windows.h>
configure:22083: result: no
configure:22087: checking windows.h presence
configure:22097: gcc -E  conftest.c
conftest.c:43:21: error: windows.h: No such file or directory
configure:22103: $? = 1
configure: failed program was:
| /* confdefs.h.  */
| 
| #define PACKAGE_NAME ""
| #define PACKAGE_TARNAME ""
| #define PACKAGE_VERSION ""
| #define PACKAGE_STRING ""
| #define PACKAGE_BUGREPORT ""
| #define PACKAGE "gr-bluetooth"
| #define VERSION "0.00"
| #ifdef __cplusplus
| extern "C" void std::exit (int) throw (); using std::exit;
| #endif
| #define CXX_HAS_STD_ISNAN
| #define STDC_HEADERS 1
| #define HAVE_SYS_TYPES_H 1
| #define HAVE_SYS_STAT_H 1
| #define HAVE_STDLIB_H 1
| #define HAVE_STRING_H 1
| #define HAVE_MEMORY_H 1
| #define HAVE_STRINGS_H 1
| #define HAVE_INTTYPES_H 1
| #define HAVE_STDINT_H 1
| #define HAVE_UNISTD_H 1
| #define HAVE_DLFCN_H 1
| #define HAVE_PYTHON_H 1
| #define OMNITHREAD_POSIX 1
| #define HAVE_CLOCK_GETTIME 1
| #define HAVE_GETTIMEOFDAY 1
| #define HAVE_NANOSLEEP 1
| #define STDC_HEADERS 1
| #define HAVE_SYS_WAIT_H 1
| #define HAVE_FCNTL_H 1
| #define HAVE_LIMITS_H 1
| #define HAVE_STRINGS_H 1
| #define HAVE_SYS_IOCTL_H 1
| #define HAVE_SYS_TIME_H 1
| #define HAVE_UNISTD_H 1
| #define HAVE_SYS_MMAN_H 1
| #define TIME_WITH_SYS_TIME 1
| #define HAVE_SYS_TYPES_H 1
| #define HAVE_FCNTL_H 1
| /* end confdefs.h.  */
| #include <windows.h>
configure:22123: result: no
configure:22158: checking for windows.h
configure:22165: result: no
configure:22183: checking for winioctl.h
configure:22203: gcc -c -g -O2 -pthread  conftest.c >&5
conftest.c:49:22: error: winioctl.h: No such file or directory
configure:22209: $? = 1
configure: failed program was:
| /* confdefs.h.  */
| 
| #define PACKAGE_NAME ""
| #define PACKAGE_TARNAME ""
| #define PACKAGE_VERSION ""
| #define PACKAGE_STRING ""
| #define PACKAGE_BUGREPORT ""
| #define PACKAGE "gr-bluetooth"
| #define VERSION "0.00"
| #ifdef __cplusplus
| extern "C" void std::exit (int) throw (); using std::exit;
| #endif
| #define CXX_HAS_STD_ISNAN
| #define STDC_HEADERS 1
| #define HAVE_SYS_TYPES_H 1
| #define HAVE_SYS_STAT_H 1
| #define HAVE_STDLIB_H 1
| #define HAVE_STRING_H 1
| #define HAVE_MEMORY_H 1
| #define HAVE_STRINGS_H 1
| #define HAVE_INTTYPES_H 1
| #define HAVE_STDINT_H 1
| #define HAVE_UNISTD_H 1
| #define HAVE_DLFCN_H 1
| #define HAVE_PYTHON_H 1
| #define OMNITHREAD_POSIX 1
| #define HAVE_CLOCK_GETTIME 1
| #define HAVE_GETTIMEOFDAY 1
| #define HAVE_NANOSLEEP 1
| #define STDC_HEADERS 1
| #define HAVE_SYS_WAIT_H 1
| #define HAVE_FCNTL_H 1
| #define HAVE_LIMITS_H 1
| #define HAVE_STRINGS_H 1
| #define HAVE_SYS_IOCTL_H 1
| #define HAVE_SYS_TIME_H 1
| #define HAVE_UNISTD_H 1
| #define HAVE_SYS_MMAN_H 1
| #define TIME_WITH_SYS_TIME 1
| #define HAVE_SYS_TYPES_H 1
| #define HAVE_FCNTL_H 1
| /* end confdefs.h.  */
| 
| 	#if HAVE_WINDOWS_H
| 	#include <windows.h>
| 	#endif
| 
| 
| #include <winioctl.h>
configure:22233: result: no
configure:22183: checking for winbase.h
configure:22203: gcc -c -g -O2 -pthread  conftest.c >&5
conftest.c:49:21: error: winbase.h: No such file or directory
configure:22209: $? = 1
configure: failed program was:
| /* confdefs.h.  */
| 
| #define PACKAGE_NAME ""
| #define PACKAGE_TARNAME ""
| #define PACKAGE_VERSION ""
| #define PACKAGE_STRING ""
| #define PACKAGE_BUGREPORT ""
| #define PACKAGE "gr-bluetooth"
| #define VERSION "0.00"
| #ifdef __cplusplus
| extern "C" void std::exit (int) throw (); using std::exit;
| #endif
| #define CXX_HAS_STD_ISNAN
| #define STDC_HEADERS 1
| #define HAVE_SYS_TYPES_H 1
| #define HAVE_SYS_STAT_H 1
| #define HAVE_STDLIB_H 1
| #define HAVE_STRING_H 1
| #define HAVE_MEMORY_H 1
| #define HAVE_STRINGS_H 1
| #define HAVE_INTTYPES_H 1
| #define HAVE_STDINT_H 1
| #define HAVE_UNISTD_H 1
| #define HAVE_DLFCN_H 1
| #define HAVE_PYTHON_H 1
| #define OMNITHREAD_POSIX 1
| #define HAVE_CLOCK_GETTIME 1
| #define HAVE_GETTIMEOFDAY 1
| #define HAVE_NANOSLEEP 1
| #define STDC_HEADERS 1
| #define HAVE_SYS_WAIT_H 1
| #define HAVE_FCNTL_H 1
| #define HAVE_LIMITS_H 1
| #define HAVE_STRINGS_H 1
| #define HAVE_SYS_IOCTL_H 1
| #define HAVE_SYS_TIME_H 1
| #define HAVE_UNISTD_H 1
| #define HAVE_SYS_MMAN_H 1
| #define TIME_WITH_SYS_TIME 1
| #define HAVE_SYS_TYPES_H 1
| #define HAVE_FCNTL_H 1
| /* end confdefs.h.  */
| 
| 	#if HAVE_WINDOWS_H
| 	#include <windows.h>
| 	#endif
| 
| 
| #include <winbase.h>
configure:22233: result: no
configure:22258: checking for getopt
configure:22315: gcc -o conftest -g -O2 -pthread   conftest.c  >&5
configure:22321: $? = 0
configure:22325: test -z 
			 || test ! -s conftest.err
configure:22328: $? = 0
configure:22331: test -s conftest
configure:22334: $? = 0
configure:22346: result: yes
configure:22258: checking for usleep
configure:22315: gcc -o conftest -g -O2 -pthread   conftest.c  >&5
configure:22321: $? = 0
configure:22325: test -z 
			 || test ! -s conftest.err
configure:22328: $? = 0
configure:22331: test -s conftest
configure:22334: $? = 0
configure:22346: result: yes
configure:22258: checking for gettimeofday
configure:22346: result: yes
configure:22258: checking for nanosleep
configure:22346: result: yes
configure:22258: checking for rand
configure:22315: gcc -o conftest -g -O2 -pthread   conftest.c  >&5
configure:22321: $? = 0
configure:22325: test -z 
			 || test ! -s conftest.err
configure:22328: $? = 0
configure:22331: test -s conftest
configure:22334: $? = 0
configure:22346: result: yes
configure:22258: checking for srand
configure:22315: gcc -o conftest -g -O2 -pthread   conftest.c  >&5
configure:22321: $? = 0
configure:22325: test -z 
			 || test ! -s conftest.err
configure:22328: $? = 0
configure:22331: test -s conftest
configure:22334: $? = 0
configure:22346: result: yes
configure:22258: checking for random
configure:22315: gcc -o conftest -g -O2 -pthread   conftest.c  >&5
configure:22321: $? = 0
configure:22325: test -z 
			 || test ! -s conftest.err
configure:22328: $? = 0
configure:22331: test -s conftest
configure:22334: $? = 0
configure:22346: result: yes
configure:22258: checking for srandom
configure:22315: gcc -o conftest -g -O2 -pthread   conftest.c  >&5
configure:22321: $? = 0
configure:22325: test -z 
			 || test ! -s conftest.err
configure:22328: $? = 0
configure:22331: test -s conftest
configure:22334: $? = 0
configure:22346: result: yes
configure:22258: checking for sleep
configure:22315: gcc -o conftest -g -O2 -pthread   conftest.c  >&5
configure:22321: $? = 0
configure:22325: test -z 
			 || test ! -s conftest.err
configure:22328: $? = 0
configure:22331: test -s conftest
configure:22334: $? = 0
configure:22346: result: yes
configure:22258: checking for sigaction
configure:22315: gcc -o conftest -g -O2 -pthread   conftest.c  >&5
configure:22321: $? = 0
configure:22325: test -z 
			 || test ! -s conftest.err
configure:22328: $? = 0
configure:22331: test -s conftest
configure:22334: $? = 0
configure:22346: result: yes
configure:22356: checking for struct timezone
configure:22395: gcc -c -g -O2 -pthread  conftest.c >&5
configure:22401: $? = 0
configure:22405: test -z 
			 || test ! -s conftest.err
configure:22408: $? = 0
configure:22411: test -s conftest.o
configure:22414: $? = 0
configure:22425: result: yes
configure:22435: checking for struct timespec
configure:22474: gcc -c -g -O2 -pthread  conftest.c >&5
configure:22480: $? = 0
configure:22484: test -z 
			 || test ! -s conftest.err
configure:22487: $? = 0
configure:22490: test -s conftest.o
configure:22493: $? = 0
configure:22504: result: yes
configure:22514: checking for ssize_t
configure:22553: gcc -c -g -O2 -pthread  conftest.c >&5
configure:22559: $? = 0
configure:22563: test -z 
			 || test ! -s conftest.err
configure:22566: $? = 0
configure:22569: test -s conftest.o
configure:22572: $? = 0
configure:22583: result: yes
configure:22601: checking for getopt
configure:22689: result: yes
configure:22601: checking for usleep
configure:22689: result: yes
configure:22601: checking for gettimeofday
configure:22689: result: yes
configure:22711: checking for Sleep
configure:22731: gcc -o conftest -g -O2 -pthread   conftest.c  >&5
conftest.c:59:24: error: windows.h: No such file or directory
conftest.c:60:37: error: winbase.h: No such file or directory
configure:22737: $? = 1
configure: failed program was:
| /* confdefs.h.  */
| 
| #define PACKAGE_NAME ""
| #define PACKAGE_TARNAME ""
| #define PACKAGE_VERSION ""
| #define PACKAGE_STRING ""
| #define PACKAGE_BUGREPORT ""
| #define PACKAGE "gr-bluetooth"
| #define VERSION "0.00"
| #ifdef __cplusplus
| extern "C" void std::exit (int) throw (); using std::exit;
| #endif
| #define CXX_HAS_STD_ISNAN
| #define STDC_HEADERS 1
| #define HAVE_SYS_TYPES_H 1
| #define HAVE_SYS_STAT_H 1
| #define HAVE_STDLIB_H 1
| #define HAVE_STRING_H 1
| #define HAVE_MEMORY_H 1
| #define HAVE_STRINGS_H 1
| #define HAVE_INTTYPES_H 1
| #define HAVE_STDINT_H 1
| #define HAVE_UNISTD_H 1
| #define HAVE_DLFCN_H 1
| #define HAVE_PYTHON_H 1
| #define OMNITHREAD_POSIX 1
| #define HAVE_CLOCK_GETTIME 1
| #define HAVE_GETTIMEOFDAY 1
| #define HAVE_NANOSLEEP 1
| #define STDC_HEADERS 1
| #define HAVE_SYS_WAIT_H 1
| #define HAVE_FCNTL_H 1
| #define HAVE_LIMITS_H 1
| #define HAVE_STRINGS_H 1
| #define HAVE_SYS_IOCTL_H 1
| #define HAVE_SYS_TIME_H 1
| #define HAVE_UNISTD_H 1
| #define HAVE_SYS_MMAN_H 1
| #define TIME_WITH_SYS_TIME 1
| #define HAVE_SYS_TYPES_H 1
| #define HAVE_FCNTL_H 1
| #define HAVE_GETOPT 1
| #define HAVE_USLEEP 1
| #define HAVE_GETTIMEOFDAY 1
| #define HAVE_NANOSLEEP 1
| #define HAVE_RAND 1
| #define HAVE_SRAND 1
| #define HAVE_RANDOM 1
| #define HAVE_SRANDOM 1
| #define HAVE_SLEEP 1
| #define HAVE_SIGACTION 1
| #define HAVE_STRUCT_TIMEZONE 1
| #define HAVE_STRUCT_TIMESPEC 1
| #define HAVE_SSIZE_T 1
| #define HAVE_GETOPT 1
| #define HAVE_USLEEP 1
| #define HAVE_GETTIMEOFDAY 1
| /* end confdefs.h.  */
|    #include <windows.h>
|                 #include <winbase.h>
| 
| int
| main ()
| {
|  Sleep(0);
|   ;
|   return 0;
| }
configure:22763: result: no
configure:22770: checking whether mkdir accepts only one arg
configure:22792: gcc -c -g -O2 -pthread  conftest.c >&5
conftest.c: In function 'main':
conftest.c:66: error: too few arguments to function 'mkdir'
configure:22798: $? = 1
configure: failed program was:
| /* confdefs.h.  */
| 
| #define PACKAGE_NAME ""
| #define PACKAGE_TARNAME ""
| #define PACKAGE_VERSION ""
| #define PACKAGE_STRING ""
| #define PACKAGE_BUGREPORT ""
| #define PACKAGE "gr-bluetooth"
| #define VERSION "0.00"
| #ifdef __cplusplus
| extern "C" void std::exit (int) throw (); using std::exit;
| #endif
| #define CXX_HAS_STD_ISNAN
| #define STDC_HEADERS 1
| #define HAVE_SYS_TYPES_H 1
| #define HAVE_SYS_STAT_H 1
| #define HAVE_STDLIB_H 1
| #define HAVE_STRING_H 1
| #define HAVE_MEMORY_H 1
| #define HAVE_STRINGS_H 1
| #define HAVE_INTTYPES_H 1
| #define HAVE_STDINT_H 1
| #define HAVE_UNISTD_H 1
| #define HAVE_DLFCN_H 1
| #define HAVE_PYTHON_H 1
| #define OMNITHREAD_POSIX 1
| #define HAVE_CLOCK_GETTIME 1
| #define HAVE_GETTIMEOFDAY 1
| #define HAVE_NANOSLEEP 1
| #define STDC_HEADERS 1
| #define HAVE_SYS_WAIT_H 1
| #define HAVE_FCNTL_H 1
| #define HAVE_LIMITS_H 1
| #define HAVE_STRINGS_H 1
| #define HAVE_SYS_IOCTL_H 1
| #define HAVE_SYS_TIME_H 1
| #define HAVE_UNISTD_H 1
| #define HAVE_SYS_MMAN_H 1
| #define TIME_WITH_SYS_TIME 1
| #define HAVE_SYS_TYPES_H 1
| #define HAVE_FCNTL_H 1
| #define HAVE_GETOPT 1
| #define HAVE_USLEEP 1
| #define HAVE_GETTIMEOFDAY 1
| #define HAVE_NANOSLEEP 1
| #define HAVE_RAND 1
| #define HAVE_SRAND 1
| #define HAVE_RANDOM 1
| #define HAVE_SRANDOM 1
| #define HAVE_SLEEP 1
| #define HAVE_SIGACTION 1
| #define HAVE_STRUCT_TIMEZONE 1
| #define HAVE_STRUCT_TIMESPEC 1
| #define HAVE_SSIZE_T 1
| #define HAVE_GETOPT 1
| #define HAVE_USLEEP 1
| #define HAVE_GETTIMEOFDAY 1
| /* end confdefs.h.  */
| #include <sys/types.h>
|        #include <sys/stat.h>
|        #include <fcntl.h>
| int
| main ()
| {
| 
|        mkdir("")
| 
|   ;
|   return 0;
| }
configure:22824: result: no
configure:22842: checking for pkg-config
configure:22860: found /usr/bin/pkg-config
configure:22873: result: /usr/bin/pkg-config
configure:22894: checking for gnuradio-core >= 2
configure:22898: result: yes
configure:22902: checking GNURADIO_CORE_CFLAGS
configure:22905: result: -DOMNITHREAD_POSIX=1 -pthread -I/usr/local/include/gnuradio  
configure:22908: checking GNURADIO_CORE_LIBS
configure:22911: result: -L/usr/local/lib -lgnuradio-core -lfftw3f -lm -lgromnithread  
configure:22914: checking GNURADIO_CORE_INCLUDEDIR
configure:22917: result: /usr/local/include/gnuradio
configure:23142: checking boost/shared_ptr.hpp usability
configure:23154: g++ -c -g -O2 -Wall -Woverloaded-virtual -pthread  conftest.cc >&5
configure:23160: $? = 0
configure:23164: test -z 
			 || test ! -s conftest.err
configure:23167: $? = 0
configure:23170: test -s conftest.o
configure:23173: $? = 0
configure:23183: result: yes
configure:23187: checking boost/shared_ptr.hpp presence
configure:23197: g++ -E  conftest.cc
configure:23203: $? = 0
configure:23223: result: yes
configure:23258: checking for boost/shared_ptr.hpp
configure:23265: result: yes
configure:23601: creating ./config.status

## ---------------------- ##
## Running config.status. ##
## ---------------------- ##

This file was extended by config.status, which was
generated by GNU Autoconf 2.59.  Invocation command line was

  CONFIG_FILES    = 
  CONFIG_HEADERS  = 
  CONFIG_LINKS    = 
  CONFIG_COMMANDS = 
  $ ./config.status 

on domsdesktop.lan

config.status:761: creating Makefile
config.status:761: creating config/Makefile
config.status:761: creating src/Makefile
config.status:761: creating src/lib/Makefile
config.status:865: creating config.h
config.status:1059: config.h is unchanged
config.status:1239: executing depfiles commands

## ---------------- ##
## Cache variables. ##
## ---------------- ##

ac_cv_build=i686-pc-linux-gnu
ac_cv_build_alias=i686-pc-linux-gnu
ac_cv_c_compiler_gnu=yes
ac_cv_c_const=yes
ac_cv_c_inline=inline
ac_cv_cxx_compiler_gnu=yes
ac_cv_env_CCASFLAGS_set=
ac_cv_env_CCASFLAGS_value=
ac_cv_env_CCAS_set=
ac_cv_env_CCAS_value=
ac_cv_env_CC_set=
ac_cv_env_CC_value=
ac_cv_env_CFLAGS_set=
ac_cv_env_CFLAGS_value=
ac_cv_env_CPPFLAGS_set=
ac_cv_env_CPPFLAGS_value=
ac_cv_env_CPP_set=
ac_cv_env_CPP_value=
ac_cv_env_CXXCPP_set=
ac_cv_env_CXXCPP_value=
ac_cv_env_CXXFLAGS_set=
ac_cv_env_CXXFLAGS_value=
ac_cv_env_CXX_set=
ac_cv_env_CXX_value=
ac_cv_env_F77_set=
ac_cv_env_F77_value=
ac_cv_env_FFLAGS_set=
ac_cv_env_FFLAGS_value=
ac_cv_env_LDFLAGS_set=
ac_cv_env_LDFLAGS_value=
ac_cv_env_build_alias_set=
ac_cv_env_build_alias_value=
ac_cv_env_host_alias_set=
ac_cv_env_host_alias_value=
ac_cv_env_target_alias_set=
ac_cv_env_target_alias_value=
ac_cv_exeext=
ac_cv_f77_compiler_gnu=yes
ac_cv_func_clock_gettime=yes
ac_cv_func_getopt=yes
ac_cv_func_gettimeofday=yes
ac_cv_func_nanosleep=yes
ac_cv_func_rand=yes
ac_cv_func_random=yes
ac_cv_func_sigaction=yes
ac_cv_func_sleep=yes
ac_cv_func_srand=yes
ac_cv_func_srandom=yes
ac_cv_func_usleep=yes
ac_cv_header_Python_h=yes
ac_cv_header_boost_shared_ptr_hpp=yes
ac_cv_header_dlfcn_h=yes
ac_cv_header_fcntl_h=yes
ac_cv_header_inttypes_h=yes
ac_cv_header_io_h=no
ac_cv_header_limits_h=yes
ac_cv_header_memory_h=yes
ac_cv_header_stdc=yes
ac_cv_header_stdint_h=yes
ac_cv_header_stdlib_h=yes
ac_cv_header_string_h=yes
ac_cv_header_strings_h=yes
ac_cv_header_sys_ioctl_h=yes
ac_cv_header_sys_mman_h=yes
ac_cv_header_sys_stat_h=yes
ac_cv_header_sys_time_h=yes
ac_cv_header_sys_types_h=yes
ac_cv_header_sys_wait_h=yes
ac_cv_header_time=yes
ac_cv_header_unistd_h=yes
ac_cv_header_winbase_h=no
ac_cv_header_windows_h=no
ac_cv_header_winioctl_h=no
ac_cv_host=i686-pc-linux-gnu
ac_cv_host_alias=i686-pc-linux-gnu
ac_cv_objext=o
ac_cv_path_PKG_CONFIG=/usr/bin/pkg-config
ac_cv_path_PYTHON=/usr/bin/python
ac_cv_path_RM_PROG=/bin/rm
ac_cv_path_install='/usr/bin/install -c'
ac_cv_prog_AWK=gawk
ac_cv_prog_CPP='gcc -E'
ac_cv_prog_CXXCPP='g++ -E'
ac_cv_prog_PTHREAD_CC=gcc
ac_cv_prog_SWIG=/usr/bin/swig
ac_cv_prog_ac_ct_AR=ar
ac_cv_prog_ac_ct_CC=gcc
ac_cv_prog_ac_ct_CXX=g++
ac_cv_prog_ac_ct_F77=f95
ac_cv_prog_ac_ct_RANLIB=ranlib
ac_cv_prog_ac_ct_STRIP=strip
ac_cv_prog_cc_g=yes
ac_cv_prog_cc_stdc=
ac_cv_prog_cxx_g=yes
ac_cv_prog_egrep='grep -E'
ac_cv_prog_f77_g=yes
ac_cv_prog_make_make_set=yes
ac_cv_search_clock_gettime=-lrt
ac_cv_target=i686-pc-linux-gnu
ac_cv_target_alias=i686-pc-linux-gnu
ac_cv_type_size_t=yes
ac_cv_type_ssize_t=yes
ac_cv_type_struct_timespec=yes
ac_cv_type_struct_timezone=yes
am_cv_CC_dependencies_compiler_type=gcc3
am_cv_CXX_dependencies_compiler_type=gcc3
am_cv_python_platform=linux2
am_cv_python_pyexecdir='${exec_prefix}/lib/python2.5/site-packages'
am_cv_python_pythondir='${prefix}/lib/python2.5/site-packages'
am_cv_python_version=2.5
lt_cv_deplibs_check_method=pass_all
lt_cv_file_magic_cmd='$MAGIC_CMD'
lt_cv_file_magic_test_file=
lt_cv_ld_reload_flag=-r
lt_cv_objdir=.libs
lt_cv_path_LD=/usr/bin/ld
lt_cv_path_LDCXX=/usr/bin/ld
lt_cv_path_NM='/usr/bin/nm -B'
lt_cv_path_SED=/bin/sed
lt_cv_prog_compiler_c_o=yes
lt_cv_prog_compiler_c_o_CXX=yes
lt_cv_prog_compiler_c_o_F77=yes
lt_cv_prog_compiler_rtti_exceptions=no
lt_cv_prog_gnu_ld=yes
lt_cv_prog_gnu_ldcxx=yes
lt_cv_sys_global_symbol_pipe='sed -n -e '\''s/^.*[ 	]\([ABCDGIRSTW][ABCDGIRSTW]*\)[ 	][ 	]*\([_A-Za-z][_A-Za-z0-9]*\)$/\1 \2 \2/p'\'''
lt_cv_sys_global_symbol_to_c_name_address='sed -n -e '\''s/^: \([^ ]*\) $/  {\"\1\", (lt_ptr) 0},/p'\'' -e '\''s/^[BCDEGRST] \([^ ]*\) \([^ ]*\)$/  {"\2", (lt_ptr) \&\2},/p'\'''
lt_cv_sys_global_symbol_to_cdecl='sed -n -e '\''s/^. .* \(.*\)$/extern int \1;/p'\'''
lt_cv_sys_max_cmd_len=32768
lt_lt_cv_prog_compiler_c_o='"yes"'
lt_lt_cv_prog_compiler_c_o_CXX='"yes"'
lt_lt_cv_prog_compiler_c_o_F77='"yes"'
lt_lt_cv_sys_global_symbol_pipe='"sed -n -e '\''s/^.*[ 	]\\([ABCDGIRSTW][ABCDGIRSTW]*\\)[ 	][ 	]*\\([_A-Za-z][_A-Za-z0-9]*\\)\$/\\1 \\2 \\2/p'\''"'
lt_lt_cv_sys_global_symbol_to_c_name_address='"sed -n -e '\''s/^: \\([^ ]*\\) \$/  {\\\"\\1\\\", (lt_ptr) 0},/p'\'' -e '\''s/^[BCDEGRST] \\([^ ]*\\) \\([^ ]*\\)\$/  {\"\\2\", (lt_ptr) \\&\\2},/p'\''"'
lt_lt_cv_sys_global_symbol_to_cdecl='"sed -n -e '\''s/^. .* \\(.*\\)\$/extern int \\1;/p'\''"'

## ----------------- ##
## Output variables. ##
## ----------------- ##

ACLOCAL='${SHELL} /home/dominicgs/src/gnuradio/gr-bluetooth/missing --run aclocal-1.9'
AMDEPBACKSLASH='\'
AMDEP_FALSE='#'
AMDEP_TRUE=''
AMTAR='${SHELL} /home/dominicgs/src/gnuradio/gr-bluetooth/missing --run tar'
AR='ar'
AS='as'
AUTOCONF='${SHELL} /home/dominicgs/src/gnuradio/gr-bluetooth/missing --run autoconf'
AUTOHEADER='${SHELL} /home/dominicgs/src/gnuradio/gr-bluetooth/missing --run autoheader'
AUTOMAKE='${SHELL} /home/dominicgs/src/gnuradio/gr-bluetooth/missing --run automake-1.9'
AWK='gawk'
BOOST_CFLAGS=''
CC='gcc'
CCAS='gcc'
CCASFLAGS='-g -O2'
CCDEPMODE='depmode=gcc3'
CFLAGS='-g -O2 -pthread'
CPP='gcc -E'
CPPFLAGS=''
CXX='g++'
CXXCPP='g++ -E'
CXXDEPMODE='depmode=gcc3'
CXXFLAGS='-g -O2 -Wall -Woverloaded-virtual -pthread'
CXX_FOR_BUILD='g++'
CYGPATH_W='echo'
DEFS='-DHAVE_CONFIG_H'
DEPDIR='.deps'
DLLTOOL='dlltool'
ECHO='echo'
ECHO_C=''
ECHO_N='-n'
ECHO_T=''
EGREP='grep -E'
EXEEXT=''
F77='f95'
FFLAGS='-g -O2'
GNURADIO_CORE_CFLAGS='-DOMNITHREAD_POSIX=1 -pthread -I/usr/local/include/gnuradio  '
GNURADIO_CORE_INCLUDEDIR='/usr/local/include/gnuradio'
GNURADIO_CORE_LIBS='-L/usr/local/lib -lgnuradio-core -lfftw3f -lm -lgromnithread  '
INSTALL_DATA='${INSTALL} -m 644'
INSTALL_PROGRAM='${INSTALL}'
INSTALL_SCRIPT='${INSTALL}'
INSTALL_STRIP_PROGRAM='${SHELL} $(install_sh) -c -s'
LDFLAGS=''
LIBOBJS=''
LIBS=' -L/usr/local/lib -lgnuradio-core -lfftw3f -lm -lgromnithread  '
LIBTOOL='$(SHELL) $(top_builddir)/libtool'
LN_S='ln -s'
LTLIBOBJS=''
MAKEINFO='${SHELL} /home/dominicgs/src/gnuradio/gr-bluetooth/missing --run makeinfo'
NO_UNDEFINED=''
OBJDUMP='objdump'
OBJEXT='o'
OMNITHREAD_NT_FALSE=''
OMNITHREAD_NT_TRUE='#'
OMNITHREAD_POSIX_FALSE='#'
OMNITHREAD_POSIX_TRUE=''
PACKAGE='gr-bluetooth'
PACKAGE_BUGREPORT=''
PACKAGE_NAME=''
PACKAGE_STRING=''
PACKAGE_TARNAME=''
PACKAGE_VERSION=''
PATH_SEPARATOR=':'
PKG_CONFIG='/usr/bin/pkg-config'
PTHREAD_CC='gcc'
PTHREAD_CFLAGS='-pthread'
PTHREAD_LIBS=' -lrt '
PYTHON='/usr/bin/python'
PYTHON_CPPFLAGS='-I/usr/include/python2.5'
PYTHON_EXEC_PREFIX='${exec_prefix}'
PYTHON_LDFLAGS=''
PYTHON_PLATFORM='linux2'
PYTHON_PREFIX='${prefix}'
PYTHON_VERSION='2.5'
RANLIB='ranlib'
RM_PROG='/bin/rm'
SED='/bin/sed'
SET_MAKE=''
SHELL='/bin/sh'
STD_DEFINES_AND_INCLUDES='-DOMNITHREAD_POSIX=1 -pthread -I/usr/local/include/gnuradio   '
STRIP='strip'
SWIG='/usr/bin/swig -c++'
SWIG_PYTHON_CPPFLAGS='-I/usr/include/python2.5'
SWIG_PYTHON_LIB='-lswigpy'
SWIG_PYTHON_OPT='-python'
VERSION='0.00'
ac_ct_AR='ar'
ac_ct_AS=''
ac_ct_CC='gcc'
ac_ct_CXX='g++'
ac_ct_DLLTOOL=''
ac_ct_F77='f95'
ac_ct_OBJDUMP=''
ac_ct_RANLIB='ranlib'
ac_ct_STRIP='strip'
am__fastdepCC_FALSE='#'
am__fastdepCC_TRUE=''
am__fastdepCXX_FALSE='#'
am__fastdepCXX_TRUE=''
am__include='include'
am__leading_dot='.'
am__quote=''
am__tar='${AMTAR} chof - "$$tardir"'
am__untar='${AMTAR} xf -'
bindir='${exec_prefix}/bin'
build='i686-pc-linux-gnu'
build_alias=''
build_cpu='i686'
build_os='linux-gnu'
build_vendor='pc'
datadir='${prefix}/share'
exec_prefix='${prefix}'
host='i686-pc-linux-gnu'
host_alias=''
host_cpu='i686'
host_os='linux-gnu'
host_vendor='pc'
includedir='${prefix}/include'
infodir='${prefix}/info'
install_sh='/home/dominicgs/src/gnuradio/gr-bluetooth/install-sh'
libdir='${exec_prefix}/lib'
libexecdir='${exec_prefix}/libexec'
localstatedir='${prefix}/var'
mandir='${prefix}/man'
mkdir_p='mkdir -p --'
oldincludedir='/usr/include'
pkgpyexecdir='${pyexecdir}/gr-bluetooth'
pkgpythondir='${pythondir}/gr-bluetooth'
prefix='/usr/local'
program_transform_name='s,x,x,'
pyexecdir='${exec_prefix}/lib/python2.5/site-packages'
pythondir='${prefix}/lib/python2.5/site-packages'
sbindir='${exec_prefix}/sbin'
sharedstatedir='${prefix}/com'
sysconfdir='${prefix}/etc'
target='i686-pc-linux-gnu'
target_alias=''
target_cpu='i686'
target_os='linux-gnu'
target_vendor='pc'

## ----------- ##
## confdefs.h. ##
## ----------- ##

#define CXX_HAS_STD_ISNAN
#define HAVE_CLOCK_GETTIME 1
#define HAVE_DLFCN_H 1
#define HAVE_FCNTL_H 1
#define HAVE_FCNTL_H 1
#define HAVE_GETOPT 1
#define HAVE_GETOPT 1
#define HAVE_GETTIMEOFDAY 1
#define HAVE_GETTIMEOFDAY 1
#define HAVE_GETTIMEOFDAY 1
#define HAVE_INTTYPES_H 1
#define HAVE_LIMITS_H 1
#define HAVE_MEMORY_H 1
#define HAVE_NANOSLEEP 1
#define HAVE_NANOSLEEP 1
#define HAVE_PYTHON_H 1
#define HAVE_RAND 1
#define HAVE_RANDOM 1
#define HAVE_SIGACTION 1
#define HAVE_SLEEP 1
#define HAVE_SRAND 1
#define HAVE_SRANDOM 1
#define HAVE_SSIZE_T 1
#define HAVE_STDINT_H 1
#define HAVE_STDLIB_H 1
#define HAVE_STRINGS_H 1
#define HAVE_STRINGS_H 1
#define HAVE_STRING_H 1
#define HAVE_STRUCT_TIMESPEC 1
#define HAVE_STRUCT_TIMEZONE 1
#define HAVE_SYS_IOCTL_H 1
#define HAVE_SYS_MMAN_H 1
#define HAVE_SYS_STAT_H 1
#define HAVE_SYS_TIME_H 1
#define HAVE_SYS_TYPES_H 1
#define HAVE_SYS_TYPES_H 1
#define HAVE_SYS_WAIT_H 1
#define HAVE_UNISTD_H 1
#define HAVE_UNISTD_H 1
#define HAVE_USLEEP 1
#define HAVE_USLEEP 1
#define OMNITHREAD_POSIX 1
#define PACKAGE "gr-bluetooth"
#define PACKAGE_BUGREPORT ""
#define PACKAGE_NAME ""
#define PACKAGE_STRING ""
#define PACKAGE_TARNAME ""
#define PACKAGE_VERSION ""
#define STDC_HEADERS 1
#define STDC_HEADERS 1
#define TIME_WITH_SYS_TIME 1
#define VERSION "0.00"
#endif
#ifdef __cplusplus
extern "C" void std::exit (int) throw (); using std::exit;

configure: exit 0
